{
  "RSpec": {
    "coverage": {
      "/mnt/c/Users/markt/desktop/ruby/ratebeer/app/helpers/application_helper.rb": [
        1,
        1,
        10,
        9,
        null,
        null,
        9,
        null,
        9,
        null,
        null,
        null
      ],
      "/mnt/c/Users/markt/desktop/ruby/ratebeer/app/helpers/beer_clubs_helper.rb": [
        1,
        null
      ],
      "/mnt/c/Users/markt/desktop/ruby/ratebeer/app/helpers/beers_helper.rb": [
        1,
        null
      ],
      "/mnt/c/Users/markt/desktop/ruby/ratebeer/app/helpers/breweries_helper.rb": [
        1,
        null
      ],
      "/mnt/c/Users/markt/desktop/ruby/ratebeer/app/helpers/memberships_helper.rb": [
        1,
        null
      ],
      "/mnt/c/Users/markt/desktop/ruby/ratebeer/app/helpers/styles_helper.rb": [
        1,
        null
      ],
      "/mnt/c/Users/markt/desktop/ruby/ratebeer/app/helpers/users_helper.rb": [
        1,
        null
      ],
      "/mnt/c/Users/markt/desktop/ruby/ratebeer/app/controllers/styles_controller.rb": [
        1,
        1,
        null,
        null,
        null,
        1,
        1,
        null,
        null,
        null,
        null,
        1,
        null,
        null,
        null,
        1,
        1,
        null,
        null,
        null,
        1,
        null,
        null,
        null,
        null,
        1,
        0,
        null,
        0,
        0,
        0,
        0,
        null,
        0,
        0,
        null,
        null,
        null,
        null,
        null,
        null,
        1,
        0,
        0,
        0,
        0,
        null,
        0,
        0,
        null,
        null,
        null,
        null,
        null,
        null,
        1,
        0,
        0,
        0,
        0,
        null,
        null,
        null,
        1,
        null,
        null,
        1,
        0,
        null,
        null,
        null,
        1,
        0,
        null,
        null
      ],
      "/mnt/c/Users/markt/desktop/ruby/ratebeer/app/controllers/application_controller.rb": [
        1,
        null,
        1,
        null,
        1,
        102,
        null,
        72,
        null,
        null,
        1,
        0,
        null,
        null
      ],
      "/mnt/c/Users/markt/desktop/ruby/ratebeer/app/models/beer.rb": [
        1,
        1,
        null,
        1,
        1,
        1,
        null,
        1,
        1,
        1,
        1,
        null,
        1,
        2,
        null,
        null
      ],
      "/mnt/c/Users/markt/desktop/ruby/ratebeer/app/models/application_record.rb": [
        1,
        1,
        null
      ],
      "/mnt/c/Users/markt/desktop/ruby/ratebeer/app/models/concerns/rating_average.rb": [
        1,
        1,
        1,
        null,
        1,
        37,
        null,
        null
      ],
      "/mnt/c/Users/markt/desktop/ruby/ratebeer/app/models/style.rb": [
        1,
        1,
        1,
        1,
        null
      ],
      "/mnt/c/Users/markt/desktop/ruby/ratebeer/app/models/user.rb": [
        1,
        1,
        null,
        1,
        1,
        1,
        1,
        null,
        1,
        1,
        null,
        null,
        1,
        null,
        null,
        null,
        null,
        1,
        12,
        null,
        11,
        null,
        null,
        1,
        9,
        null,
        23,
        9,
        14,
        null,
        null,
        23,
        null,
        null,
        1,
        28,
        null,
        null,
        1,
        9,
        null,
        23,
        9,
        14,
        null,
        null,
        23,
        null,
        null
      ],
      "/mnt/c/Users/markt/desktop/ruby/ratebeer/app/controllers/breweries_controller.rb": [
        1,
        1,
        1,
        null,
        null,
        null,
        1,
        3,
        3,
        null,
        null,
        null,
        null,
        1,
        null,
        null,
        null,
        1,
        0,
        null,
        null,
        null,
        1,
        null,
        null,
        null,
        null,
        1,
        0,
        null,
        0,
        0,
        0,
        0,
        null,
        0,
        0,
        null,
        null,
        null,
        null,
        null,
        null,
        1,
        0,
        0,
        0,
        0,
        null,
        0,
        0,
        null,
        null,
        null,
        null,
        null,
        null,
        1,
        0,
        0,
        0,
        0,
        null,
        null,
        null,
        1,
        0,
        0,
        null,
        0,
        null,
        0,
        null,
        null,
        1,
        null,
        null,
        1,
        1,
        null,
        null,
        null,
        1,
        0,
        null,
        null
      ],
      "/mnt/c/Users/markt/desktop/ruby/ratebeer/app/models/brewery.rb": [
        1,
        1,
        null,
        1,
        1,
        null,
        1,
        1,
        null,
        45,
        null,
        null,
        null,
        4,
        4,
        null,
        1,
        0,
        0,
        0,
        null,
        null,
        1,
        0,
        0,
        null,
        null
      ],
      "/mnt/c/Users/markt/desktop/ruby/ratebeer/app/models/rating.rb": [
        1,
        1,
        1,
        null,
        1,
        null,
        null,
        null,
        2,
        null,
        1,
        19,
        null,
        null
      ],
      "/mnt/c/Users/markt/desktop/ruby/ratebeer/lib/beermapping_api.rb": [
        1,
        1,
        4,
        8,
        null,
        null,
        1,
        0,
        0,
        null,
        null,
        1,
        4,
        null,
        4,
        4,
        null,
        4,
        null,
        3,
        3,
        7,
        null,
        null,
        null,
        1,
        4,
        null,
        4,
        null,
        null
      ],
      "/mnt/c/Users/markt/desktop/ruby/ratebeer/app/models/place.rb": [
        1,
        1,
        0,
        null,
        null
      ],
      "/mnt/c/Users/markt/desktop/ruby/ratebeer/app/controllers/sessions_controller.rb": [
        1,
        1,
        null,
        null,
        null,
        1,
        5,
        null,
        5,
        4,
        4,
        null,
        1,
        null,
        null,
        null,
        1,
        null,
        0,
        null,
        0,
        null,
        null
      ],
      "/mnt/c/Users/markt/desktop/ruby/ratebeer/app/controllers/users_controller.rb": [
        1,
        1,
        null,
        null,
        null,
        1,
        0,
        null,
        null,
        null,
        null,
        1,
        null,
        null,
        null,
        1,
        1,
        null,
        null,
        null,
        1,
        null,
        null,
        null,
        null,
        1,
        1,
        null,
        1,
        1,
        2,
        1,
        null,
        0,
        0,
        null,
        null,
        null,
        null,
        null,
        null,
        1,
        0,
        0,
        0,
        0,
        null,
        0,
        0,
        null,
        null,
        null,
        null,
        null,
        null,
        1,
        0,
        0,
        0,
        0,
        0,
        null,
        null,
        null,
        1,
        null,
        null,
        1,
        14,
        null,
        null,
        null,
        1,
        1,
        null,
        null
      ],
      "/mnt/c/Users/markt/desktop/ruby/ratebeer/app/models/membership.rb": [
        1,
        1,
        1,
        null,
        1,
        null,
        null
      ],
      "/mnt/c/Users/markt/desktop/ruby/ratebeer/app/models/beer_club.rb": [
        1,
        1,
        1,
        null,
        1,
        0,
        null,
        null
      ],
      "/mnt/c/Users/markt/desktop/ruby/ratebeer/app/controllers/ratings_controller.rb": [
        1,
        1,
        1,
        6,
        7,
        7,
        3,
        null,
        null,
        1,
        1,
        1,
        null,
        null,
        1,
        null,
        1,
        1,
        null,
        1,
        0,
        1,
        1,
        null,
        0,
        0,
        null,
        null,
        null,
        null,
        null,
        null,
        1,
        2,
        2,
        2,
        null,
        null
      ],
      "/mnt/c/Users/markt/desktop/ruby/ratebeer/app/channels/application_cable/channel.rb": [
        0,
        0,
        0,
        0
      ],
      "/mnt/c/Users/markt/desktop/ruby/ratebeer/app/channels/application_cable/connection.rb": [
        0,
        0,
        0,
        0
      ],
      "/mnt/c/Users/markt/desktop/ruby/ratebeer/app/controllers/beers_controller.rb": [
        0,
        0,
        0,
        null,
        null,
        null,
        0,
        0,
        0,
        null,
        null,
        null,
        0,
        0,
        0,
        0,
        null,
        null,
        0,
        0,
        0,
        0,
        null,
        null,
        0,
        0,
        0,
        null,
        null,
        null,
        0,
        0,
        null,
        0,
        0,
        0,
        0,
        0,
        0,
        0,
        0,
        0,
        0,
        0,
        null,
        null,
        null,
        0,
        0,
        0,
        0,
        0,
        0,
        0,
        0,
        0,
        0,
        0,
        null,
        null,
        null,
        0,
        0,
        0,
        0,
        0,
        0,
        0,
        null,
        0,
        null,
        null,
        0,
        0,
        0,
        null,
        null,
        0,
        0,
        0,
        null,
        0,
        0,
        0,
        0,
        0
      ],
      "/mnt/c/Users/markt/desktop/ruby/ratebeer/app/controllers/beer_clubs_controller.rb": [
        0,
        0,
        0,
        null,
        null,
        null,
        0,
        0,
        0,
        null,
        null,
        null,
        0,
        0,
        0,
        0,
        0,
        0,
        0,
        null,
        null,
        0,
        0,
        0,
        null,
        null,
        0,
        0,
        null,
        null,
        null,
        0,
        0,
        null,
        0,
        0,
        0,
        0,
        0,
        0,
        0,
        0,
        0,
        0,
        null,
        null,
        null,
        0,
        0,
        0,
        0,
        0,
        0,
        0,
        0,
        0,
        0,
        0,
        null,
        null,
        null,
        0,
        0,
        0,
        0,
        0,
        0,
        0,
        null,
        0,
        null,
        null,
        0,
        0,
        0,
        null,
        null,
        0,
        0,
        0,
        0
      ],
      "/mnt/c/Users/markt/desktop/ruby/ratebeer/app/controllers/memberships_controller.rb": [
        0,
        0,
        null,
        null,
        null,
        0,
        0,
        0,
        null,
        null,
        null,
        0,
        0,
        null,
        null,
        0,
        0,
        0,
        0,
        null,
        null,
        0,
        0,
        null,
        null,
        null,
        0,
        0,
        0,
        null,
        0,
        0,
        0,
        0,
        0,
        0,
        0,
        0,
        0,
        0,
        0,
        null,
        null,
        null,
        0,
        0,
        0,
        0,
        0,
        0,
        0,
        0,
        0,
        0,
        0,
        null,
        null,
        null,
        0,
        0,
        0,
        0,
        0,
        0,
        0,
        null,
        0,
        null,
        null,
        0,
        0,
        0,
        null,
        null,
        0,
        0,
        0,
        0
      ],
      "/mnt/c/Users/markt/desktop/ruby/ratebeer/app/controllers/places_controller.rb": [
        0,
        0,
        0,
        null,
        0,
        0,
        0,
        null,
        0,
        0,
        0,
        0,
        0,
        0,
        0,
        0,
        0,
        0,
        0
      ],
      "/mnt/c/Users/markt/desktop/ruby/ratebeer/app/jobs/application_job.rb": [
        0,
        0
      ],
      "/mnt/c/Users/markt/desktop/ruby/ratebeer/app/mailers/application_mailer.rb": [
        0,
        0,
        0,
        0
      ],
      "/mnt/c/Users/markt/desktop/ruby/ratebeer/lib/apixu_api.rb": [
        0,
        0,
        0,
        0,
        0,
        0,
        null,
        0,
        0,
        null,
        0,
        0,
        0
      ]
    },
    "timestamp": 1539552829
  }
}
