{
  "RSpec": {
    "coverage": {
      "/mnt/c/Users/markt/desktop/ruby/ratebeer/app/helpers/application_helper.rb": [
        1,
        null
      ],
      "/mnt/c/Users/markt/desktop/ruby/ratebeer/app/helpers/beer_clubs_helper.rb": [
        1,
        null
      ],
      "/mnt/c/Users/markt/desktop/ruby/ratebeer/app/helpers/beers_helper.rb": [
        1,
        null
      ],
      "/mnt/c/Users/markt/desktop/ruby/ratebeer/app/helpers/breweries_helper.rb": [
        1,
        null
      ],
      "/mnt/c/Users/markt/desktop/ruby/ratebeer/app/helpers/memberships_helper.rb": [
        1,
        null
      ],
      "/mnt/c/Users/markt/desktop/ruby/ratebeer/app/helpers/users_helper.rb": [
        1,
        null
      ],
      "/mnt/c/Users/markt/desktop/ruby/ratebeer/app/models/beer.rb": [
        1,
        1,
        null,
        1,
        1,
        1,
        null,
        1,
        1,
        1,
        null,
        1,
        0,
        null,
        null
      ],
      "/mnt/c/Users/markt/desktop/ruby/ratebeer/app/models/application_record.rb": [
        1,
        1,
        null
      ],
      "/mnt/c/Users/markt/desktop/ruby/ratebeer/app/models/concerns/rating_average.rb": [
        1,
        1,
        null,
        1,
        5,
        null,
        null
      ],
      "/mnt/c/Users/markt/desktop/ruby/ratebeer/app/models/user.rb": [
        1,
        1,
        null,
        1,
        1,
        1,
        1,
        null,
        1,
        1,
        null,
        null,
        1,
        null,
        null,
        null,
        null,
        1,
        12,
        null,
        6,
        null,
        null,
        1,
        4,
        null,
        10,
        4,
        4,
        null,
        null,
        8,
        null,
        null,
        1,
        10,
        null,
        null,
        1,
        4,
        null,
        10,
        4,
        6,
        null,
        null,
        10,
        null,
        null
      ],
      "/mnt/c/Users/markt/desktop/ruby/ratebeer/app/controllers/breweries_controller.rb": [
        1,
        1,
        1,
        null,
        null,
        null,
        1,
        3,
        null,
        null,
        null,
        null,
        1,
        null,
        null,
        null,
        1,
        0,
        null,
        null,
        null,
        1,
        null,
        null,
        null,
        null,
        1,
        0,
        null,
        0,
        0,
        0,
        0,
        null,
        0,
        0,
        null,
        null,
        null,
        null,
        null,
        null,
        1,
        0,
        0,
        0,
        0,
        null,
        0,
        0,
        null,
        null,
        null,
        null,
        null,
        null,
        1,
        0,
        0,
        0,
        0,
        null,
        null,
        null,
        1,
        null,
        null,
        1,
        1,
        null,
        null,
        null,
        1,
        0,
        null,
        null
      ],
      "/mnt/c/Users/markt/desktop/ruby/ratebeer/app/controllers/application_controller.rb": [
        1,
        null,
        1,
        null,
        1,
        73,
        null,
        18,
        null,
        null,
        1,
        0,
        null,
        null
      ],
      "/mnt/c/Users/markt/desktop/ruby/ratebeer/app/models/brewery.rb": [
        1,
        1,
        null,
        1,
        1,
        null,
        1,
        1,
        null,
        25,
        null,
        null,
        null,
        1,
        0,
        0,
        0,
        null,
        null,
        1,
        0,
        0,
        null,
        null
      ],
      "/mnt/c/Users/markt/desktop/ruby/ratebeer/app/models/rating.rb": [
        1,
        1,
        1,
        null,
        1,
        null,
        null,
        null,
        1,
        6,
        null,
        null
      ],
      "/mnt/c/Users/markt/desktop/ruby/ratebeer/app/controllers/sessions_controller.rb": [
        1,
        1,
        null,
        null,
        null,
        1,
        4,
        null,
        4,
        3,
        3,
        null,
        1,
        null,
        null,
        null,
        1,
        null,
        0,
        null,
        0,
        null,
        null
      ],
      "/mnt/c/Users/markt/desktop/ruby/ratebeer/app/controllers/users_controller.rb": [
        1,
        1,
        null,
        null,
        null,
        1,
        0,
        null,
        null,
        null,
        null,
        1,
        null,
        null,
        null,
        1,
        1,
        null,
        null,
        null,
        1,
        null,
        null,
        null,
        null,
        1,
        1,
        null,
        1,
        1,
        2,
        1,
        null,
        0,
        0,
        null,
        null,
        null,
        null,
        null,
        null,
        1,
        0,
        0,
        0,
        0,
        null,
        0,
        0,
        null,
        null,
        null,
        null,
        null,
        null,
        1,
        0,
        0,
        0,
        0,
        0,
        null,
        null,
        null,
        1,
        null,
        null,
        1,
        9,
        null,
        null,
        null,
        1,
        1,
        null,
        null
      ],
      "/mnt/c/Users/markt/desktop/ruby/ratebeer/app/models/membership.rb": [
        1,
        1,
        1,
        null,
        1,
        null,
        null
      ],
      "/mnt/c/Users/markt/desktop/ruby/ratebeer/app/models/beer_club.rb": [
        1,
        1,
        1,
        null,
        1,
        0,
        null,
        null
      ],
      "/mnt/c/Users/markt/desktop/ruby/ratebeer/app/controllers/ratings_controller.rb": [
        1,
        1,
        0,
        null,
        null,
        1,
        0,
        0,
        null,
        null,
        1,
        null,
        0,
        null,
        0,
        0,
        0,
        0,
        null,
        0,
        0,
        null,
        null,
        null,
        null,
        null,
        null,
        1,
        1,
        1,
        1,
        null,
        null
      ],
      "/mnt/c/Users/markt/desktop/ruby/ratebeer/app/channels/application_cable/channel.rb": [
        0,
        0,
        0,
        0
      ],
      "/mnt/c/Users/markt/desktop/ruby/ratebeer/app/channels/application_cable/connection.rb": [
        0,
        0,
        0,
        0
      ],
      "/mnt/c/Users/markt/desktop/ruby/ratebeer/app/controllers/beers_controller.rb": [
        0,
        0,
        0,
        null,
        0,
        0,
        0,
        0,
        null,
        null,
        null,
        0,
        0,
        0,
        null,
        null,
        null,
        0,
        0,
        null,
        null,
        0,
        0,
        0,
        0,
        null,
        null,
        0,
        0,
        0,
        null,
        null,
        null,
        0,
        0,
        null,
        0,
        0,
        0,
        0,
        0,
        0,
        0,
        0,
        0,
        0,
        0,
        null,
        null,
        null,
        0,
        0,
        0,
        0,
        0,
        0,
        0,
        0,
        0,
        0,
        0,
        null,
        null,
        null,
        0,
        0,
        0,
        0,
        0,
        0,
        0,
        null,
        0,
        null,
        null,
        0,
        0,
        0,
        null,
        null,
        0,
        0,
        0,
        0
      ],
      "/mnt/c/Users/markt/desktop/ruby/ratebeer/app/controllers/beer_clubs_controller.rb": [
        0,
        0,
        0,
        null,
        null,
        null,
        0,
        0,
        0,
        null,
        null,
        null,
        0,
        0,
        null,
        null,
        0,
        0,
        0,
        null,
        null,
        0,
        0,
        null,
        null,
        null,
        0,
        0,
        null,
        0,
        0,
        0,
        0,
        0,
        0,
        0,
        0,
        0,
        0,
        null,
        null,
        null,
        0,
        0,
        0,
        0,
        0,
        0,
        0,
        0,
        0,
        0,
        0,
        null,
        null,
        null,
        0,
        0,
        0,
        0,
        0,
        0,
        0,
        null,
        0,
        null,
        null,
        0,
        0,
        0,
        null,
        null,
        0,
        0,
        0,
        0
      ],
      "/mnt/c/Users/markt/desktop/ruby/ratebeer/app/controllers/memberships_controller.rb": [
        0,
        0,
        null,
        null,
        null,
        0,
        0,
        0,
        null,
        null,
        null,
        0,
        0,
        null,
        null,
        0,
        0,
        0,
        0,
        null,
        null,
        0,
        0,
        null,
        null,
        null,
        0,
        0,
        0,
        null,
        0,
        0,
        0,
        0,
        0,
        0,
        0,
        0,
        0,
        0,
        null,
        null,
        null,
        0,
        0,
        0,
        0,
        0,
        0,
        0,
        0,
        0,
        0,
        0,
        null,
        null,
        null,
        0,
        0,
        0,
        0,
        0,
        0,
        0,
        null,
        0,
        null,
        null,
        0,
        0,
        0,
        null,
        null,
        0,
        0,
        0,
        0
      ],
      "/mnt/c/Users/markt/desktop/ruby/ratebeer/app/jobs/application_job.rb": [
        0,
        0
      ],
      "/mnt/c/Users/markt/desktop/ruby/ratebeer/app/mailers/application_mailer.rb": [
        0,
        0,
        0,
        0
      ]
    },
    "timestamp": 1538341216
  }
}
